Performing C SOURCE FILE Test CMAKE_HAVE_LIBC_PTHREAD failed with the following output:
Change Dir: /home/katia/dlib-19.20/build/CMakeFiles/CMakeTmp

Run Build Command(s):/usr/bin/make cmTC_941b7/fast && /usr/bin/make -f CMakeFiles/cmTC_941b7.dir/build.make CMakeFiles/cmTC_941b7.dir/build
make[1]: se entra en el directorio '/home/katia/dlib-19.20/build/CMakeFiles/CMakeTmp'
Building C object CMakeFiles/cmTC_941b7.dir/src.c.o
/usr/bin/cc   -DCMAKE_HAVE_LIBC_PTHREAD   -o CMakeFiles/cmTC_941b7.dir/src.c.o   -c /home/katia/dlib-19.20/build/CMakeFiles/CMakeTmp/src.c
Linking C executable cmTC_941b7
/usr/bin/cmake -E cmake_link_script CMakeFiles/cmTC_941b7.dir/link.txt --verbose=1
/usr/bin/cc  -DCMAKE_HAVE_LIBC_PTHREAD    -rdynamic CMakeFiles/cmTC_941b7.dir/src.c.o  -o cmTC_941b7 
/usr/bin/ld: CMakeFiles/cmTC_941b7.dir/src.c.o: en la función `main':
src.c:(.text+0x46): referencia a `pthread_create' sin definir
/usr/bin/ld: src.c:(.text+0x52): referencia a `pthread_detach' sin definir
/usr/bin/ld: src.c:(.text+0x63): referencia a `pthread_join' sin definir
collect2: error: ld returned 1 exit status
make[1]: *** [CMakeFiles/cmTC_941b7.dir/build.make:87: cmTC_941b7] Error 1
make[1]: se sale del directorio '/home/katia/dlib-19.20/build/CMakeFiles/CMakeTmp'
make: *** [Makefile:121: cmTC_941b7/fast] Error 2


Source file was:
#include <pthread.h>

void* test_func(void* data)
{
  return data;
}

int main(void)
{
  pthread_t thread;
  pthread_create(&thread, NULL, test_func, NULL);
  pthread_detach(thread);
  pthread_join(thread, NULL);
  pthread_atfork(NULL, NULL, NULL);
  pthread_exit(NULL);

  return 0;
}

Determining if the function pthread_create exists in the pthreads failed with the following output:
Change Dir: /home/katia/dlib-19.20/build/CMakeFiles/CMakeTmp

Run Build Command(s):/usr/bin/make cmTC_dfd51/fast && /usr/bin/make -f CMakeFiles/cmTC_dfd51.dir/build.make CMakeFiles/cmTC_dfd51.dir/build
make[1]: se entra en el directorio '/home/katia/dlib-19.20/build/CMakeFiles/CMakeTmp'
Building C object CMakeFiles/cmTC_dfd51.dir/CheckFunctionExists.c.o
/usr/bin/cc   -DCHECK_FUNCTION_EXISTS=pthread_create   -o CMakeFiles/cmTC_dfd51.dir/CheckFunctionExists.c.o   -c /usr/share/cmake-3.16/Modules/CheckFunctionExists.c
Linking C executable cmTC_dfd51
/usr/bin/cmake -E cmake_link_script CMakeFiles/cmTC_dfd51.dir/link.txt --verbose=1
/usr/bin/cc  -DCHECK_FUNCTION_EXISTS=pthread_create    -rdynamic CMakeFiles/cmTC_dfd51.dir/CheckFunctionExists.c.o  -o cmTC_dfd51  -lpthreads 
/usr/bin/ld: no se puede encontrar -lpthreads
collect2: error: ld returned 1 exit status
make[1]: *** [CMakeFiles/cmTC_dfd51.dir/build.make:87: cmTC_dfd51] Error 1
make[1]: se sale del directorio '/home/katia/dlib-19.20/build/CMakeFiles/CMakeTmp'
make: *** [Makefile:121: cmTC_dfd51/fast] Error 2



Determining if the function sgesv exists failed with the following output:
Change Dir: /home/katia/dlib-19.20/build/CMakeFiles/CMakeTmp

Run Build Command(s):/usr/bin/make cmTC_93b97/fast && /usr/bin/make -f CMakeFiles/cmTC_93b97.dir/build.make CMakeFiles/cmTC_93b97.dir/build
make[1]: se entra en el directorio '/home/katia/dlib-19.20/build/CMakeFiles/CMakeTmp'
Building C object CMakeFiles/cmTC_93b97.dir/CheckFunctionExists.c.o
/usr/bin/cc   -DCHECK_FUNCTION_EXISTS=sgesv   -o CMakeFiles/cmTC_93b97.dir/CheckFunctionExists.c.o   -c /usr/share/cmake-3.16/Modules/CheckFunctionExists.c
Linking C executable cmTC_93b97
/usr/bin/cmake -E cmake_link_script CMakeFiles/cmTC_93b97.dir/link.txt --verbose=1
/usr/bin/cc  -DCHECK_FUNCTION_EXISTS=sgesv    -rdynamic CMakeFiles/cmTC_93b97.dir/CheckFunctionExists.c.o  -o cmTC_93b97 
/usr/bin/ld: CMakeFiles/cmTC_93b97.dir/CheckFunctionExists.c.o: en la función `main':
CheckFunctionExists.c:(.text+0x14): referencia a `sgesv' sin definir
collect2: error: ld returned 1 exit status
make[1]: *** [CMakeFiles/cmTC_93b97.dir/build.make:87: cmTC_93b97] Error 1
make[1]: se sale del directorio '/home/katia/dlib-19.20/build/CMakeFiles/CMakeTmp'
make: *** [Makefile:121: cmTC_93b97/fast] Error 2



Determining if the function sgesv_ exists failed with the following output:
Change Dir: /home/katia/dlib-19.20/build/CMakeFiles/CMakeTmp

Run Build Command(s):/usr/bin/make cmTC_105df/fast && /usr/bin/make -f CMakeFiles/cmTC_105df.dir/build.make CMakeFiles/cmTC_105df.dir/build
make[1]: se entra en el directorio '/home/katia/dlib-19.20/build/CMakeFiles/CMakeTmp'
Building C object CMakeFiles/cmTC_105df.dir/CheckFunctionExists.c.o
/usr/bin/cc   -DCHECK_FUNCTION_EXISTS=sgesv_   -o CMakeFiles/cmTC_105df.dir/CheckFunctionExists.c.o   -c /usr/share/cmake-3.16/Modules/CheckFunctionExists.c
Linking C executable cmTC_105df
/usr/bin/cmake -E cmake_link_script CMakeFiles/cmTC_105df.dir/link.txt --verbose=1
/usr/bin/cc  -DCHECK_FUNCTION_EXISTS=sgesv_    -rdynamic CMakeFiles/cmTC_105df.dir/CheckFunctionExists.c.o  -o cmTC_105df 
/usr/bin/ld: CMakeFiles/cmTC_105df.dir/CheckFunctionExists.c.o: en la función `main':
CheckFunctionExists.c:(.text+0x14): referencia a `sgesv_' sin definir
collect2: error: ld returned 1 exit status
make[1]: *** [CMakeFiles/cmTC_105df.dir/build.make:87: cmTC_105df] Error 1
make[1]: se sale del directorio '/home/katia/dlib-19.20/build/CMakeFiles/CMakeTmp'
make: *** [Makefile:121: cmTC_105df/fast] Error 2



