Performing C SOURCE FILE Test CMAKE_HAVE_LIBC_PTHREAD failed with the following output:
Change Dir: /home/daksha/Documentos/frvt/11/src/facedakshaImp/build/CMakeFiles/CMakeTmp

Run Build Command(s):/usr/bin/make cmTC_2e5b0/fast && /usr/bin/make -f CMakeFiles/cmTC_2e5b0.dir/build.make CMakeFiles/cmTC_2e5b0.dir/build
make[1]: Entering directory '/home/daksha/Documentos/frvt/11/src/facedakshaImp/build/CMakeFiles/CMakeTmp'
Building C object CMakeFiles/cmTC_2e5b0.dir/src.c.o
/usr/bin/cc   -DCMAKE_HAVE_LIBC_PTHREAD -fPIE   -o CMakeFiles/cmTC_2e5b0.dir/src.c.o   -c /home/daksha/Documentos/frvt/11/src/facedakshaImp/build/CMakeFiles/CMakeTmp/src.c
Linking C executable cmTC_2e5b0
/usr/bin/cmake -E cmake_link_script CMakeFiles/cmTC_2e5b0.dir/link.txt --verbose=1
/usr/bin/cc  -DCMAKE_HAVE_LIBC_PTHREAD    -rdynamic CMakeFiles/cmTC_2e5b0.dir/src.c.o  -o cmTC_2e5b0 
/usr/bin/ld: CMakeFiles/cmTC_2e5b0.dir/src.c.o: in function `main':
src.c:(.text+0x46): undefined reference to `pthread_create'
/usr/bin/ld: src.c:(.text+0x52): undefined reference to `pthread_detach'
/usr/bin/ld: src.c:(.text+0x63): undefined reference to `pthread_join'
collect2: error: ld returned 1 exit status
make[1]: *** [CMakeFiles/cmTC_2e5b0.dir/build.make:87: cmTC_2e5b0] Error 1
make[1]: Leaving directory '/home/daksha/Documentos/frvt/11/src/facedakshaImp/build/CMakeFiles/CMakeTmp'
make: *** [Makefile:121: cmTC_2e5b0/fast] Error 2


Source file was:
#include <pthread.h>

void* test_func(void* data)
{
  return data;
}

int main(void)
{
  pthread_t thread;
  pthread_create(&thread, NULL, test_func, NULL);
  pthread_detach(thread);
  pthread_join(thread, NULL);
  pthread_atfork(NULL, NULL, NULL);
  pthread_exit(NULL);

  return 0;
}

Determining if the function pthread_create exists in the pthreads failed with the following output:
Change Dir: /home/daksha/Documentos/frvt/11/src/facedakshaImp/build/CMakeFiles/CMakeTmp

Run Build Command(s):/usr/bin/make cmTC_46fbc/fast && /usr/bin/make -f CMakeFiles/cmTC_46fbc.dir/build.make CMakeFiles/cmTC_46fbc.dir/build
make[1]: Entering directory '/home/daksha/Documentos/frvt/11/src/facedakshaImp/build/CMakeFiles/CMakeTmp'
Building C object CMakeFiles/cmTC_46fbc.dir/CheckFunctionExists.c.o
/usr/bin/cc   -DCHECK_FUNCTION_EXISTS=pthread_create -fPIE   -o CMakeFiles/cmTC_46fbc.dir/CheckFunctionExists.c.o   -c /usr/share/cmake-3.16/Modules/CheckFunctionExists.c
Linking C executable cmTC_46fbc
/usr/bin/cmake -E cmake_link_script CMakeFiles/cmTC_46fbc.dir/link.txt --verbose=1
/usr/bin/cc  -DCHECK_FUNCTION_EXISTS=pthread_create    -rdynamic CMakeFiles/cmTC_46fbc.dir/CheckFunctionExists.c.o  -o cmTC_46fbc  -lpthreads 
/usr/bin/ld: cannot find -lpthreads
collect2: error: ld returned 1 exit status
make[1]: *** [CMakeFiles/cmTC_46fbc.dir/build.make:87: cmTC_46fbc] Error 1
make[1]: Leaving directory '/home/daksha/Documentos/frvt/11/src/facedakshaImp/build/CMakeFiles/CMakeTmp'
make: *** [Makefile:121: cmTC_46fbc/fast] Error 2



Determining if the function sgesv exists failed with the following output:
Change Dir: /home/daksha/Documentos/frvt/11/src/facedakshaImp/build/CMakeFiles/CMakeTmp

Run Build Command(s):/usr/bin/make cmTC_6b1b4/fast && /usr/bin/make -f CMakeFiles/cmTC_6b1b4.dir/build.make CMakeFiles/cmTC_6b1b4.dir/build
make[1]: Entering directory '/home/daksha/Documentos/frvt/11/src/facedakshaImp/build/CMakeFiles/CMakeTmp'
Building C object CMakeFiles/cmTC_6b1b4.dir/CheckFunctionExists.c.o
/usr/bin/cc   -DCHECK_FUNCTION_EXISTS=sgesv -fPIE   -o CMakeFiles/cmTC_6b1b4.dir/CheckFunctionExists.c.o   -c /usr/share/cmake-3.16/Modules/CheckFunctionExists.c
Linking C executable cmTC_6b1b4
/usr/bin/cmake -E cmake_link_script CMakeFiles/cmTC_6b1b4.dir/link.txt --verbose=1
/usr/bin/cc  -DCHECK_FUNCTION_EXISTS=sgesv    -rdynamic CMakeFiles/cmTC_6b1b4.dir/CheckFunctionExists.c.o  -o cmTC_6b1b4  /usr/lib/x86_64-linux-gnu/liblapack.so 
/usr/bin/ld: CMakeFiles/cmTC_6b1b4.dir/CheckFunctionExists.c.o: in function `main':
CheckFunctionExists.c:(.text+0x14): undefined reference to `sgesv'
collect2: error: ld returned 1 exit status
make[1]: *** [CMakeFiles/cmTC_6b1b4.dir/build.make:88: cmTC_6b1b4] Error 1
make[1]: Leaving directory '/home/daksha/Documentos/frvt/11/src/facedakshaImp/build/CMakeFiles/CMakeTmp'
make: *** [Makefile:121: cmTC_6b1b4/fast] Error 2



